\BOOKMARK [1][-]{section*.1}{\376\377\000A\000b\000s\000t\000r\000a\000c\000t}{}% 1
\BOOKMARK [1][-]{section.1}{\376\377\0001\000\040\000I\000n\000t\000r\000o\000d\000u\000c\000t\000i\000o\000n}{}% 2
\BOOKMARK [2][-]{subsection.1.1}{\376\377\0001\000.\0001\000\040\000O\000u\000r\000\040\000C\000o\000n\000t\000r\000i\000b\000u\000t\000i\000o\000n\000s}{section.1}% 3
\BOOKMARK [2][-]{subsection.1.2}{\376\377\0001\000.\0002\000\040\000R\000e\000l\000a\000t\000e\000d\000\040\000W\000o\000r\000k}{section.1}% 4
\BOOKMARK [1][-]{section.2}{\376\377\0002\000\040\000N\000o\000t\000a\000t\000i\000o\000n}{}% 5
\BOOKMARK [1][-]{section.3}{\376\377\0003\000\040\000M\000u\000l\000t\000i\000-\000M\000e\000s\000s\000a\000g\000e\000\040\000M\000u\000l\000t\000i\000-\000R\000e\000c\000i\000p\000i\000e\000n\000t\000\040\000P\000K\000E}{}% 6
\BOOKMARK [2][-]{subsection.3.1}{\376\377\0003\000.\0001\000\040\000S\000e\000c\000u\000r\000i\000t\000y\000\040\000w\000i\000t\000h\000\040\000A\000d\000a\000p\000t\000i\000v\000e\000\040\000C\000o\000r\000r\000u\000p\000t\000i\000o\000n\000s}{section.3}% 7
\BOOKMARK [2][-]{subsection.3.2}{\376\377\0003\000.\0002\000\040\000C\000o\000n\000s\000t\000r\000u\000c\000t\000i\000o\000n}{section.3}% 8
\BOOKMARK [1][-]{section.4}{\376\377\0004\000\040\000S\000e\000r\000v\000e\000r\000-\000A\000i\000d\000e\000d\000\040\000C\000G\000K\000A}{}% 9
\BOOKMARK [2][-]{subsection.4.1}{\376\377\0004\000.\0001\000\040\000S\000y\000n\000t\000a\000x}{section.4}% 10
\BOOKMARK [2][-]{subsection.4.2}{\376\377\0004\000.\0002\000\040\000I\000n\000t\000u\000i\000t\000i\000v\000e\000\040\000S\000e\000c\000u\000r\000i\000t\000y\000\040\000P\000r\000o\000p\000e\000r\000t\000i\000e\000s}{section.4}% 11
\BOOKMARK [2][-]{subsection.4.3}{\376\377\0004\000.\0003\000\040\000A\000u\000t\000h\000e\000n\000t\000i\000c\000a\000t\000e\000d\000\040\000K\000e\000y\000\040\000S\000e\000r\000v\000i\000c\000e\000\040\000\050\000A\000K\000S\000\051}{section.4}% 12
\BOOKMARK [2][-]{subsection.4.4}{\376\377\0004\000.\0004\000\040\000F\000o\000r\000m\000a\000l\000\040\000M\000o\000d\000e\000l\000\040\000I\000n\000t\000u\000i\000t\000i\000o\000n}{section.4}% 13
\BOOKMARK [2][-]{subsection.4.5}{\376\377\0004\000.\0005\000\040\000S\000e\000m\000a\000n\000t\000i\000c\000\040\000A\000g\000r\000e\000e\000m\000e\000n\000t}{section.4}% 14
\BOOKMARK [2][-]{subsection.4.6}{\376\377\0004\000.\0006\000\040\000S\000i\000m\000p\000l\000i\000f\000i\000c\000a\000t\000i\000o\000n\000s}{section.4}% 15
\BOOKMARK [1][-]{section.5}{\376\377\0005\000\040\000T\000h\000e\000\040\000S\000A\000I\000K\000\040\000P\000r\000o\000t\000o\000c\000o\000l}{}% 16
\BOOKMARK [2][-]{subsection.5.1}{\376\377\0005\000.\0001\000\040\000I\000n\000t\000u\000i\000t\000i\000o\000n\000\040\000f\000o\000r\000\040\000t\000h\000e\000\040\000I\000T\000K\000\040\000P\000r\000o\000t\000o\000c\000o\000l}{section.5}% 17
\BOOKMARK [2][-]{subsection.5.2}{\376\377\0005\000.\0002\000\040\000I\000n\000t\000u\000i\000t\000i\000o\000n\000\040\000f\000o\000r\000\040\000t\000h\000e\000\040\000S\000A\000I\000K\000\040\000P\000r\000o\000t\000o\000c\000o\000l}{section.5}% 18
\BOOKMARK [1][-]{section.6}{\376\377\0006\000\040\000S\000e\000c\000u\000r\000i\000t\000y\000\040\000o\000f\000\040\000S\000A\000I\000K}{}% 19
\BOOKMARK [1][-]{section.7}{\376\377\0007\000\040\000E\000v\000a\000l\000u\000a\000t\000i\000o\000n}{}% 20
\BOOKMARK [1][-]{section.8}{\376\377\0008\000\040\000E\000x\000t\000e\000n\000s\000i\000o\000n\000s}{}% 21
\BOOKMARK [2][-]{subsection.8.1}{\376\377\0008\000.\0001\000\040\000B\000e\000t\000t\000e\000r\000\040\000S\000e\000c\000u\000r\000i\000t\000y\000\040\000P\000r\000e\000d\000i\000c\000a\000t\000e\000s}{section.8}% 22
\BOOKMARK [2][-]{subsection.8.2}{\376\377\0008\000.\0002\000\040\000P\000r\000i\000m\000i\000t\000i\000v\000e\000s\000\040\000w\000i\000t\000h\000\040\000I\000m\000p\000e\000r\000f\000e\000c\000t\000\040\000C\000o\000r\000r\000e\000c\000t\000n\000e\000s\000s}{section.8}% 23
\BOOKMARK [1][-]{section*.26}{\376\377\000R\000e\000f\000e\000r\000e\000n\000c\000e\000s}{}% 24
\BOOKMARK [1][-]{appendix.A}{\376\377\000A\000\040\000A\000d\000d\000i\000t\000i\000o\000n\000a\000l\000\040\000P\000r\000e\000l\000i\000m\000i\000n\000a\000r\000i\000e\000s}{}% 25
\BOOKMARK [2][-]{subsection.A.1}{\376\377\000A\000.\0001\000\040\000U\000n\000i\000v\000e\000r\000s\000a\000l\000\040\000C\000o\000m\000p\000o\000s\000a\000b\000i\000l\000i\000t\000y}{appendix.A}% 26
\BOOKMARK [2][-]{subsection.A.2}{\376\377\000A\000.\0002\000\040\000A\000s\000s\000u\000m\000p\000t\000i\000o\000n\000s}{appendix.A}% 27
\BOOKMARK [2][-]{subsection.A.3}{\376\377\000A\000.\0003\000\040\000M\000u\000l\000t\000i\000-\000R\000e\000c\000i\000p\000i\000e\000n\000t\000\040\000M\000u\000l\000t\000i\000-\000M\000e\000s\000s\000a\000g\000e\000\040\000P\000K\000E\000\050\000m\000m\000P\000K\000E\000\051\000\040\000D\000e\000f\000i\000n\000i\000t\000i\000o\000n\000s}{appendix.A}% 28
\BOOKMARK [2][-]{subsection.A.4}{\376\377\000A\000.\0004\000\040\000D\000a\000t\000a\000\040\000E\000n\000c\000a\000p\000s\000u\000l\000a\000t\000i\000o\000n\000\040\000M\000e\000a\000c\000h\000a\000n\000i\000s\000m\000\050\000D\000E\000M\000\051}{appendix.A}% 29
\BOOKMARK [2][-]{subsection.A.5}{\376\377\000A\000.\0005\000\040\000M\000e\000s\000s\000a\000g\000e\000\040\000A\000u\000t\000h\000e\000n\000t\000i\000c\000a\000t\000i\000o\000n\000\040\000C\000o\000d\000e\000s\000\040\000\050\000M\000A\000C\000\051}{appendix.A}% 30
\BOOKMARK [1][-]{appendix.B}{\376\377\000B\000\040\000N\000o\000m\000i\000n\000a\000l\000\040\000G\000r\000o\000u\000p\000s}{}% 31
\BOOKMARK [1][-]{appendix.C}{\376\377\000C\000\040\000S\000e\000c\000u\000r\000i\000t\000y\000\040\000P\000r\000o\000o\000f\000\040\000f\000o\000r\000\040\000t\000h\000e\000\040\000m\000m\000P\000K\000E\000\040\000C\000o\000n\000s\000t\000r\000u\000c\000t\000i\000o\000n}{}% 32
\BOOKMARK [1][-]{appendix.D}{\376\377\000D\000\040\000D\000e\000t\000a\000i\000l\000s\000\040\000o\000f\000\040\000t\000h\000e\000\040\000\050\000s\000a\000\051\000C\000G\000K\000A\000\040\000S\000e\000c\000u\000r\000i\000t\000y\000\040\000M\000o\000d\000e\000l}{}% 33
\BOOKMARK [1][-]{appendix.E}{\376\377\000E\000\040\000T\000h\000e\000\040\000A\000u\000t\000h\000e\000n\000t\000i\000c\000a\000t\000e\000d\000\040\000K\000e\000y\000\040\000S\000e\000r\000v\000i\000c\000e\000\040\000F\000u\000n\000c\000t\000i\000o\000n\000a\000l\000i\000t\000y\000\040\000\050\000A\000K\000S\000\051}{}% 34
\BOOKMARK [1][-]{appendix.F}{\376\377\000F\000\040\000D\000e\000t\000a\000i\000l\000s\000\040\000o\000f\000\040\000S\000A\000I\000K}{}% 35
\BOOKMARK [2][-]{subsection.F.1}{\376\377\000F\000.\0001\000\040\000R\000a\000t\000c\000h\000e\000t\000\040\000T\000r\000e\000e\000s}{appendix.F}% 36
\BOOKMARK [2][-]{subsection.F.2}{\376\377\000F\000.\0002\000\040\000S\000A\000I\000K\000\040\000S\000t\000a\000t\000e\000\040\000a\000n\000d\000\040\000A\000l\000g\000o\000r\000i\000t\000h\000m\000s}{appendix.F}% 37
\BOOKMARK [2][-]{subsection.F.3}{\376\377\000F\000.\0003\000\040\000E\000x\000t\000r\000a\000c\000t\000i\000o\000n\000\040\000P\000r\000o\000c\000e\000d\000u\000r\000e\000\040\000f\000o\000r\000\040\000t\000h\000e\000\040\000S\000e\000r\000v\000e\000r}{appendix.F}% 38
\BOOKMARK [1][-]{appendix.G}{\376\377\000G\000\040\000O\000n\000e\000-\000W\000a\000y\000n\000e\000s\000s\000\040\000S\000e\000c\000u\000r\000i\000t\000y\000\040\000o\000f\000\040\000m\000m\000P\000K\000E}{}% 39
\BOOKMARK [1][-]{appendix.H}{\376\377\000H\000\040\000S\000e\000c\000u\000r\000i\000t\000y\000\040\000o\000f\000\040\000S\000A\000I\000K}{}% 40
\BOOKMARK [2][-]{subsection.H.1}{\376\377\000H\000.\0001\000\040\000P\000r\000o\000o\000f\000\040\000O\000u\000t\000l\000i\000n\000e}{appendix.H}% 41
\BOOKMARK [2][-]{subsection.H.2}{\376\377\000H\000.\0002\000\040\000S\000A\000I\000K\000\040\000G\000u\000a\000r\000a\000n\000t\000e\000e\000s\000\040\000C\000o\000n\000s\000i\000s\000t\000e\000n\000c\000y}{appendix.H}% 42
\BOOKMARK [2][-]{subsection.H.3}{\376\377\000H\000.\0003\000\040\000S\000A\000I\000K\000\040\000G\000u\000a\000r\000a\000n\000t\000e\000e\000s\000\040\000C\000o\000n\000f\000i\000d\000e\000n\000t\000i\000a\000l\000i\000t\000y}{appendix.H}% 43
\BOOKMARK [2][-]{subsection.H.4}{\376\377\000H\000.\0004\000\040\000S\000A\000I\000K\000\040\000G\000u\000a\000r\000a\000n\000t\000e\000e\000s\000\040\000A\000u\000t\000h\000e\000n\000t\000i\000c\000i\000t\000y}{appendix.H}% 44
\BOOKMARK [2][-]{subsection.H.5}{\376\377\000H\000.\0005\000\040\000L\000e\000f\000t\000-\000B\000a\000l\000a\000n\000c\000e\000d\000\040\000T\000r\000e\000e\000s}{appendix.H}% 45
